<?xml version="1.0" encoding="UTF-8"?>
<!-- Generated by org.testng.reporters.JUnitReportReporter -->
<testsuite hostname="LTIN326941" failures="0" tests="1" name="TestSuites.smokeTest" time="0.000" errors="0" timestamp="2022-01-19T20:09:44 IST" skipped="1">
  <testcase classname="TestSuites.smokeTest" name="hospitalNames" time="0.000">
    <skipped/>
  </testcase> <!-- hospitalNames -->
  <system-out/>
</testsuite> <!-- TestSuites.smokeTest -->
